2022-08-27T15:32:10.6984646 404 : [{"timestamp":"2022-08-27T19:32:10.370+00:00","status":404,"error":"Not Found","message":"No message available","path":"/"}]
2022-08-27T15:32:12.6198851 500 : [{"timestamp":"2022-08-27T19:32:12.619+00:00","status":500,"error":"Internal Server Error","message":"PreparedStatementCallback; SQL [UPDATE account SET balance = ? WHERE account_id = ?;]; ERROR: null ... (558 bytes)]
2022-08-27T15:32:12.6511345 500 : [{"timestamp":"2022-08-27T19:32:12.651+00:00","status":500,"error":"Internal Server Error","message":"PreparedStatementCallback; SQL [UPDATE account SET balance = ? WHERE account_id = ?;]; ERROR: null ... (558 bytes)]
2022-08-27T15:37:36.8902683 404 : [{"timestamp":"2022-08-27T19:37:36.843+00:00","status":404,"error":"Not Found","message":"No message available","path":"/"}]
2022-08-27T15:37:37.0152389 500 : [{"timestamp":"2022-08-27T19:37:37.015+00:00","status":500,"error":"Internal Server Error","message":"PreparedStatementCallback; SQL [UPDATE account SET balance = ? WHERE account_id = ?;]; ERROR: null ... (558 bytes)]
2022-08-27T15:37:37.0464815 500 : [{"timestamp":"2022-08-27T19:37:37.030+00:00","status":500,"error":"Internal Server Error","message":"PreparedStatementCallback; SQL [UPDATE account SET balance = ? WHERE account_id = ?;]; ERROR: null ... (558 bytes)]
2022-08-27T15:45:40.6858247 404 : [{"timestamp":"2022-08-27T19:45:40.639+00:00","status":404,"error":"Not Found","message":"No message available","path":"/"}]
2022-08-27T15:45:40.8576591 500 : [{"timestamp":"2022-08-27T19:45:40.842+00:00","status":500,"error":"Internal Server Error","message":"PreparedStatementCallback; SQL [UPDATE account SET balance = ? WHERE account_id = ?;]; ERROR: null ... (558 bytes)]
2022-08-27T15:45:40.9201452 500 : [{"timestamp":"2022-08-27T19:45:40.904+00:00","status":500,"error":"Internal Server Error","message":"PreparedStatementCallback; SQL [UPDATE account SET balance = ? WHERE account_id = ?;]; ERROR: null ... (558 bytes)]
2022-08-27T15:53:49.2343967 404 : [{"timestamp":"2022-08-27T19:53:49.187+00:00","status":404,"error":"Not Found","message":"No message available","path":"/"}]
2022-08-27T15:53:49.374979 500 : [{"timestamp":"2022-08-27T19:53:49.374+00:00","status":500,"error":"Internal Server Error","message":"PreparedStatementCallback; SQL [UPDATE account SET balance = ? WHERE account_id = ?;]; ERROR: null ... (558 bytes)]
2022-08-27T15:53:49.4687081 500 : [{"timestamp":"2022-08-27T19:53:49.453+00:00","status":500,"error":"Internal Server Error","message":"PreparedStatementCallback; SQL [UPDATE account SET balance = ? WHERE account_id = ?;]; ERROR: null ... (558 bytes)]
2022-08-27T16:11:48.028336 404 : [{"timestamp":"2022-08-27T20:11:47.950+00:00","status":404,"error":"Not Found","message":"No message available","path":"/"}]
2022-08-27T16:15:36.8945414 404 : [{"timestamp":"2022-08-27T20:15:36.832+00:00","status":404,"error":"Not Found","message":"No message available","path":"/"}]
2022-08-27T17:33:39.1791333 404 : [{"timestamp":"2022-08-27T21:33:39.116+00:00","status":404,"error":"Not Found","message":"No message available","path":"/"}]
2022-08-27T17:39:39.6247454 404 : [{"timestamp":"2022-08-27T21:39:39.562+00:00","status":404,"error":"Not Found","message":"No message available","path":"/"}]
2022-08-27T17:50:24.9073701 404 : [{"timestamp":"2022-08-27T21:50:24.844+00:00","status":404,"error":"Not Found","message":"No message available","path":"/"}]
2022-08-27T17:50:26.3757748 500 : [{"timestamp":"2022-08-27T21:50:26.360+00:00","status":500,"error":"Internal Server Error","message":"PreparedStatementCallback; SQL [UPDATE account SET balance = ? WHERE account_id = ?;]; ERROR: null ... (558 bytes)]
2022-08-27T17:57:23.4703688 404 : [{"timestamp":"2022-08-27T21:57:23.407+00:00","status":404,"error":"Not Found","message":"No message available","path":"/"}]
2022-08-27T17:57:23.5797169 500 : [{"timestamp":"2022-08-27T21:57:23.564+00:00","status":500,"error":"Internal Server Error","message":"PreparedStatementCallback; SQL [UPDATE account SET balance = ? WHERE account_id = ?;]; ERROR: null ... (558 bytes)]
2022-08-27T17:59:57.4527383 404 : [{"timestamp":"2022-08-27T21:59:57.405+00:00","status":404,"error":"Not Found","message":"No message available","path":"/"}]
2022-08-27T17:59:57.5933281 405 : [{"timestamp":"2022-08-27T21:59:57.593+00:00","status":405,"error":"Method Not Allowed","message":"Request method 'PUT' not supported","path":"/account/balance/2001"}]
2022-08-27T18:02:30.9758511 404 : [{"timestamp":"2022-08-27T22:02:30.897+00:00","status":404,"error":"Not Found","message":"No message available","path":"/"}]
2022-08-27T18:02:31.0383365 405 : [{"timestamp":"2022-08-27T22:02:31.022+00:00","status":405,"error":"Method Not Allowed","message":"Request method 'PUT' not supported","path":"/account/balance/2001"}]
2022-08-27T18:15:28.7642306 404 : [{"timestamp":"2022-08-27T22:15:28.670+00:00","status":404,"error":"Not Found","message":"No message available","path":"/"}]
2022-08-27T18:15:28.8267071 405 : [{"timestamp":"2022-08-27T22:15:28.826+00:00","status":405,"error":"Method Not Allowed","message":"Request method 'PUT' not supported","path":"/account/balance/2001"}]
2022-08-27T18:22:01.0469596 404 : [{"timestamp":"2022-08-27T22:22:00.984+00:00","status":404,"error":"Not Found","message":"No message available","path":"/"}]
2022-08-27T18:22:01.1094438 405 : [{"timestamp":"2022-08-27T22:22:01.109+00:00","status":405,"error":"Method Not Allowed","message":"Request method 'PUT' not supported","path":"/account/balance/2001"}]
2022-08-27T18:45:50.8453928 404 : [{"timestamp":"2022-08-27T22:45:50.720+00:00","status":404,"error":"Not Found","message":"No message available","path":"/"}]
2022-08-27T18:45:50.9391184 405 : [{"timestamp":"2022-08-27T22:45:50.939+00:00","status":405,"error":"Method Not Allowed","message":"Request method 'PUT' not supported","path":"/account/balance/2001"}]
2022-08-27T18:49:32.5431726 404 : [{"timestamp":"2022-08-27T22:49:32.480+00:00","status":404,"error":"Not Found","message":"No message available","path":"/"}]
2022-08-27T18:49:32.707845 405 : [{"timestamp":"2022-08-27T22:49:32.703+00:00","status":405,"error":"Method Not Allowed","message":"Request method 'PUT' not supported","path":"/account/balance/2001"}]
2022-08-27T18:53:26.3010292 404 : [{"timestamp":"2022-08-27T22:53:26.222+00:00","status":404,"error":"Not Found","message":"No message available","path":"/"}]
2022-08-27T18:55:29.6743818 404 : [{"timestamp":"2022-08-27T22:55:29.596+00:00","status":404,"error":"Not Found","message":"No message available","path":"/"}]
2022-08-27T18:57:28.3550533 404 : [{"timestamp":"2022-08-27T22:57:28.292+00:00","status":404,"error":"Not Found","message":"No message available","path":"/"}]
2022-08-27T19:00:42.0235513 404 : [{"timestamp":"2022-08-27T23:00:41.976+00:00","status":404,"error":"Not Found","message":"Account not found.","path":"/2001"}]
2022-08-27T19:06:03.0048008 404 : [{"timestamp":"2022-08-27T23:06:02.957+00:00","status":404,"error":"Not Found","message":"Account not found.","path":"/2001"}]
2022-08-27T19:38:16.1737705 404 : [{"timestamp":"2022-08-27T23:38:16.095+00:00","status":404,"error":"Not Found","message":"Account not found.","path":"/2001"}]
2022-08-27T19:39:26.1793934 404 : [{"timestamp":"2022-08-27T23:39:26.132+00:00","status":404,"error":"Not Found","message":"Account not found.","path":"/2001"}]
2022-08-27T19:40:50.4698062 404 : [{"timestamp":"2022-08-27T23:40:50.407+00:00","status":404,"error":"Not Found","message":"Account not found.","path":"/2001"}]
2022-08-27T19:42:49.2086494 404 : [{"timestamp":"2022-08-27T23:42:49.161+00:00","status":404,"error":"Not Found","message":"Account not found.","path":"/2001"}]
2022-08-27T19:51:34.1157282 404 : [{"timestamp":"2022-08-27T23:51:33.959+00:00","status":404,"error":"Not Found","message":"Account not found.","path":"/2001"}]
2022-08-27T19:53:02.3915168 404 : [{"timestamp":"2022-08-27T23:53:02.266+00:00","status":404,"error":"Not Found","message":"Account not found.","path":"/2001"}]
2022-08-27T19:55:59.9548614 404 : [{"timestamp":"2022-08-27T23:55:59.829+00:00","status":404,"error":"Not Found","message":"Account not found.","path":"/2001"}]
2022-08-27T20:06:47.1344137 404 : [{"timestamp":"2022-08-28T00:06:47.087+00:00","status":404,"error":"Not Found","message":"No message available","path":"/"}]
2022-08-27T20:09:20.0738829 404 : [{"timestamp":"2022-08-28T00:09:20.011+00:00","status":404,"error":"Not Found","message":"No message available","path":"/"}]
2022-08-27T20:10:55.0969422 404 : [{"timestamp":"2022-08-28T00:10:55.018+00:00","status":404,"error":"Not Found","message":"No message available","path":"/"}]
2022-08-27T20:11:54.6606514 404 : [{"timestamp":"2022-08-28T00:11:54.613+00:00","status":404,"error":"Not Found","message":"No message available","path":"/"}]
2022-08-27T20:41:36.9013633 404 : [{"timestamp":"2022-08-28T00:41:36.823+00:00","status":404,"error":"Not Found","message":"No message available","path":"/"}]
2022-08-27T20:50:01.7938191 404 : [{"timestamp":"2022-08-28T00:50:01.637+00:00","status":404,"error":"Not Found","message":"No message available","path":"/transfer/1001/1002"}]
2022-08-27T21:05:44.1733988 404 : [{"timestamp":"2022-08-28T01:05:44.079+00:00","status":404,"error":"Not Found","message":"No message available","path":"/transfer/1001/1002"}]
2022-08-27T21:24:23.3962703 404 : [{"timestamp":"2022-08-28T01:24:23.115+00:00","status":404,"error":"Not Found","message":"No message available","path":"/transfer/1001/1002"}]
2022-08-27T21:27:16.2280457 404 : [{"timestamp":"2022-08-28T01:27:16.165+00:00","status":404,"error":"Not Found","message":"No message available","path":"/transfer/1001/1002"}]
2022-08-27T21:36:24.5334884 404 : [{"timestamp":"2022-08-28T01:36:24.470+00:00","status":404,"error":"Not Found","message":"No message available","path":"/transfer/1001/1002"}]
2022-08-27T21:42:33.2482135 404 : [{"timestamp":"2022-08-28T01:42:33.138+00:00","status":404,"error":"Not Found","message":"No message available","path":"/transfer/1001/1002"}]
