2022-08-29T10:36:08.3050561 404 : [{"timestamp":"2022-08-29T14:36:08.266+00:00","status":404,"error":"Not Found","message":"No message available","path":"/transfer/history/"}]
2022-08-29T10:39:34.31965 404 : [{"timestamp":"2022-08-29T14:39:34.301+00:00","status":404,"error":"Not Found","message":"No message available","path":"/transfer/history/"}]
2022-08-29T10:40:49.6461156 404 : [{"timestamp":"2022-08-29T14:40:49.626+00:00","status":404,"error":"Not Found","message":"No message available","path":"/transfer/history/"}]
2022-08-29T10:41:44.2991444 404 : [{"timestamp":"2022-08-29T14:41:44.280+00:00","status":404,"error":"Not Found","message":"No message available","path":"/transfer/history/"}]
2022-08-29T16:34:02.2156231 500 : [{"timestamp":"2022-08-29T20:34:02.121+00:00","status":500,"error":"Internal Server Error","message":"StatementCallback; bad SQL grammar [SELECT transfer_id, transfer_type_id, transfer_status_id, accou... (413 bytes)]
2022-08-29T16:34:02.3562147 500 : [{"timestamp":"2022-08-29T20:34:02.340+00:00","status":500,"error":"Internal Server Error","message":"StatementCallback; bad SQL grammar [SELECT transfer_id, transfer_type_id, transfer_status_id, accou... (413 bytes)]
2022-08-29T16:34:02.43432 500 : [{"timestamp":"2022-08-29T20:34:02.418+00:00","status":500,"error":"Internal Server Error","message":"StatementCallback; bad SQL grammar [SELECT transfer_id, transfer_type_id, transfer_status_id, accou... (413 bytes)]
2022-08-29T16:34:02.5124274 500 : [{"timestamp":"2022-08-29T20:34:02.496+00:00","status":500,"error":"Internal Server Error","message":"StatementCallback; bad SQL grammar [SELECT transfer_id, transfer_type_id, transfer_status_id, accou... (413 bytes)]
2022-08-29T16:36:36.9511542 500 : [{"timestamp":"2022-08-29T20:36:36.888+00:00","status":500,"error":"Internal Server Error","message":"StatementCallback; bad SQL grammar [SELECT transfer_id, transfer_type_id, transfer_status_id, accou... (413 bytes)]
2022-08-29T16:36:36.9823975 500 : [{"timestamp":"2022-08-29T20:36:36.966+00:00","status":500,"error":"Internal Server Error","message":"StatementCallback; bad SQL grammar [SELECT transfer_id, transfer_type_id, transfer_status_id, accou... (413 bytes)]
2022-08-29T16:36:37.0136535 500 : [{"timestamp":"2022-08-29T20:36:37.013+00:00","status":500,"error":"Internal Server Error","message":"StatementCallback; bad SQL grammar [SELECT transfer_id, transfer_type_id, transfer_status_id, accou... (413 bytes)]
2022-08-29T16:36:37.0292615 500 : [{"timestamp":"2022-08-29T20:36:37.029+00:00","status":500,"error":"Internal Server Error","message":"StatementCallback; bad SQL grammar [SELECT transfer_id, transfer_type_id, transfer_status_id, accou... (413 bytes)]
2022-08-29T16:38:07.2430731 500 : [{"timestamp":"2022-08-29T20:38:07.180+00:00","status":500,"error":"Internal Server Error","message":"StatementCallback; bad SQL grammar [SELECT transfer_id, transfer_type_id, transfer_status_id, accou... (413 bytes)]
2022-08-29T16:38:07.5711207 500 : [{"timestamp":"2022-08-29T20:38:07.461+00:00","status":500,"error":"Internal Server Error","message":"StatementCallback; bad SQL grammar [SELECT transfer_id, transfer_type_id, transfer_status_id, accou... (413 bytes)]
2022-08-29T16:38:07.6492255 500 : [{"timestamp":"2022-08-29T20:38:07.649+00:00","status":500,"error":"Internal Server Error","message":"StatementCallback; bad SQL grammar [SELECT transfer_id, transfer_type_id, transfer_status_id, accou... (413 bytes)]
2022-08-29T16:38:07.6648554 500 : [{"timestamp":"2022-08-29T20:38:07.664+00:00","status":500,"error":"Internal Server Error","message":"StatementCallback; bad SQL grammar [SELECT transfer_id, transfer_type_id, transfer_status_id, accou... (413 bytes)]
2022-08-29T19:55:55.5406676 500 : [{"timestamp":"2022-08-29T23:55:55.303+00:00","status":500,"error":"Internal Server Error","message":"PreparedStatementCallback; SQL [INSERT INTO transfer (transfer_type_id, transfer_status_id, account... (792 bytes)]
2022-08-29T21:26:27.226106 404 : [{"timestamp":"2022-08-30T01:26:27.212+00:00","status":404,"error":"Not Found","message":"Account not found.","path":"/user/-16"}]
2022-08-29T21:51:26.0529131 401 : [no body]
2022-08-29T22:38:41.8208981 404 : [{"timestamp":"2022-08-30T02:38:41.492+00:00","status":404,"error":"Not Found","message":"No message available","path":"/username/2001"}]
2022-08-29T22:52:33.5678021 404 : [{"timestamp":"2022-08-30T02:52:33.489+00:00","status":404,"error":"Not Found","message":"No message available","path":"/username/2001"}]
2022-08-29T23:03:55.2832824 I/O error on POST request for "http://localhost:8080/login": Connection refused: connect; nested exception is java.net.ConnectException: Connection refused: connect
2022-08-29T23:05:22.6467461 404 : [{"timestamp":"2022-08-30T03:05:22.584+00:00","status":404,"error":"Not Found","message":"No message available","path":"/username/2001"}]
2022-08-29T23:05:22.7404755 404 : [{"timestamp":"2022-08-30T03:05:22.740+00:00","status":404,"error":"Not Found","message":"No message available","path":"/username/2002"}]
2022-08-29T23:06:55.5925763 404 : [{"timestamp":"2022-08-30T03:06:55.514+00:00","status":404,"error":"Not Found","message":"No message available","path":"/username/2001"}]
2022-08-29T23:06:55.6394399 404 : [{"timestamp":"2022-08-30T03:06:55.639+00:00","status":404,"error":"Not Found","message":"No message available","path":"/username/2002"}]
