2022-08-26T18:45:43.84602 404 : [{"timestamp":"2022-08-26T22:45:43.817+00:00","status":404,"error":"Not Found","message":"No message available","path":"/1001"}]
2022-08-26T18:45:54.7867796 404 : [{"timestamp":"2022-08-26T22:45:54.783+00:00","status":404,"error":"Not Found","message":"No message available","path":"/2001"}]
2022-08-26T18:45:57.9379291 500 : [{"timestamp":"2022-08-26T22:45:57.933+00:00","status":500,"error":"Internal Server Error","message":"PreparedStatementCallback; bad SQL grammar [INSERT INTO transfer (transfer_type_id, transfer_status... (493 bytes)]
2022-08-26T18:49:29.7446454 404 : [{"timestamp":"2022-08-26T22:49:29.713+00:00","status":404,"error":"Not Found","message":"No message available","path":"/1001"}]
2022-08-26T18:49:32.2238419 404 : [{"timestamp":"2022-08-26T22:49:32.221+00:00","status":404,"error":"Not Found","message":"No message available","path":"/2001"}]
2022-08-26T18:49:33.6044726 500 : [{"timestamp":"2022-08-26T22:49:33.598+00:00","status":500,"error":"Internal Server Error","message":"PreparedStatementCallback; bad SQL grammar [INSERT INTO transfer (transfer_type_id, transfer_status... (493 bytes)]
2022-08-26T18:52:20.5112936 404 : [{"timestamp":"2022-08-26T22:52:20.490+00:00","status":404,"error":"Not Found","message":"No message available","path":"/1001"}]
2022-08-26T18:52:23.5192487 404 : [{"timestamp":"2022-08-26T22:52:23.517+00:00","status":404,"error":"Not Found","message":"No message available","path":"/2001"}]
2022-08-26T18:57:56.7553872 500 : [{"timestamp":"2022-08-26T22:57:56.749+00:00","status":500,"error":"Internal Server Error","message":"PreparedStatementCallback; bad SQL grammar [INSERT INTO transfer (transfer_type_id, transfer_status... (493 bytes)]
2022-08-26T18:58:45.5245323 404 : [{"timestamp":"2022-08-26T22:58:45.496+00:00","status":404,"error":"Not Found","message":"No message available","path":"/1001"}]
2022-08-26T18:58:49.4753017 404 : [{"timestamp":"2022-08-26T22:58:49.473+00:00","status":404,"error":"Not Found","message":"No message available","path":"/2001"}]
2022-08-26T18:58:51.0878386 500 : [{"timestamp":"2022-08-26T22:58:51.081+00:00","status":500,"error":"Internal Server Error","message":"PreparedStatementCallback; bad SQL grammar [INSERT INTO transfer (transfer_type_id, transfer_status... (493 bytes)]
2022-08-26T18:59:42.2824072 404 : [{"timestamp":"2022-08-26T22:59:42.245+00:00","status":404,"error":"Not Found","message":"Account not found.","path":"/2001"}]
2022-08-26T18:59:43.4493537 500 : [{"timestamp":"2022-08-26T22:59:43.443+00:00","status":500,"error":"Internal Server Error","message":"PreparedStatementCallback; bad SQL grammar [INSERT INTO transfer (transfer_type_id, transfer_status... (493 bytes)]
2022-08-26T19:00:49.2710989 500 : [{"timestamp":"2022-08-26T23:00:49.235+00:00","status":500,"error":"Internal Server Error","message":"PreparedStatementCallback; bad SQL grammar [INSERT INTO transfer (transfer_type_id, transfer_status... (493 bytes)]
2022-08-26T19:00:49.3300987 405 : [{"timestamp":"2022-08-26T23:00:49.316+00:00","status":405,"error":"Method Not Allowed","message":"Request method 'PUT' not supported","path":"/2001"}]
2022-08-26T19:00:49.3411048 405 : [{"timestamp":"2022-08-26T23:00:49.338+00:00","status":405,"error":"Method Not Allowed","message":"Request method 'PUT' not supported","path":"/2002"}]
2022-08-26T19:07:02.6843738 500 : [{"timestamp":"2022-08-26T23:07:02.665+00:00","status":500,"error":"Internal Server Error","message":"PreparedStatementCallback; bad SQL grammar [INSERT INTO transfer (transfer_type_id, transfer_status... (493 bytes)]
2022-08-26T19:07:02.7183792 405 : [{"timestamp":"2022-08-26T23:07:02.707+00:00","status":405,"error":"Method Not Allowed","message":"Request method 'PUT' not supported","path":"/2001"}]
2022-08-26T19:07:02.727381 405 : [{"timestamp":"2022-08-26T23:07:02.724+00:00","status":405,"error":"Method Not Allowed","message":"Request method 'PUT' not supported","path":"/2002"}]
2022-08-26T19:13:53.4886885 500 : [{"timestamp":"2022-08-26T23:13:53.435+00:00","status":500,"error":"Internal Server Error","message":"PreparedStatementCallback; bad SQL grammar [INSERT INTO transfer (transfer_type_id, transfer_status... (493 bytes)]
2022-08-26T19:13:53.5606958 405 : [{"timestamp":"2022-08-26T23:13:53.553+00:00","status":405,"error":"Method Not Allowed","message":"Request method 'PUT' not supported","path":"/2001"}]
2022-08-26T19:13:53.5666969 405 : [{"timestamp":"2022-08-26T23:13:53.564+00:00","status":405,"error":"Method Not Allowed","message":"Request method 'PUT' not supported","path":"/2001"}]
2022-08-26T19:14:26.3974775 500 : [{"timestamp":"2022-08-26T23:14:26.394+00:00","status":500,"error":"Internal Server Error","message":"PreparedStatementCallback; bad SQL grammar [INSERT INTO transfer (transfer_type_id, transfer_status... (493 bytes)]
2022-08-26T19:14:26.418469 405 : [{"timestamp":"2022-08-26T23:14:26.416+00:00","status":405,"error":"Method Not Allowed","message":"Request method 'PUT' not supported","path":"/2001"}]
2022-08-26T19:14:26.4224661 405 : [{"timestamp":"2022-08-26T23:14:26.421+00:00","status":405,"error":"Method Not Allowed","message":"Request method 'PUT' not supported","path":"/2002"}]
2022-08-26T19:21:55.0004517 404 : [{"timestamp":"2022-08-26T23:21:54.965+00:00","status":404,"error":"Not Found","message":"No message available","path":"/"}]
2022-08-26T19:24:15.8997459 404 : [{"timestamp":"2022-08-26T23:24:15.880+00:00","status":404,"error":"Not Found","message":"No message available","path":"/"}]
2022-08-26T19:31:01.0486305 404 : [{"timestamp":"2022-08-26T23:31:01.014+00:00","status":404,"error":"Not Found","message":"No message available","path":"/"}]
2022-08-26T19:31:01.3335884 500 : [{"timestamp":"2022-08-26T23:31:01.327+00:00","status":500,"error":"Internal Server Error","message":"PreparedStatementCallback; SQL [UPDATE account SET balance = ? WHERE account_id = ?;]; ERROR: null ... (558 bytes)]
2022-08-26T19:31:01.3435956 500 : [{"timestamp":"2022-08-26T23:31:01.341+00:00","status":500,"error":"Internal Server Error","message":"PreparedStatementCallback; SQL [UPDATE account SET balance = ? WHERE account_id = ?;]; ERROR: null ... (558 bytes)]
2022-08-26T19:33:57.5747697 404 : [{"timestamp":"2022-08-26T23:33:57.553+00:00","status":404,"error":"Not Found","message":"No message available","path":"/"}]
2022-08-26T19:33:57.6137779 500 : [{"timestamp":"2022-08-26T23:33:57.606+00:00","status":500,"error":"Internal Server Error","message":"PreparedStatementCallback; SQL [UPDATE account SET balance = ? WHERE account_id = ?;]; ERROR: null ... (558 bytes)]
2022-08-26T19:33:57.6288108 500 : [{"timestamp":"2022-08-26T23:33:57.623+00:00","status":500,"error":"Internal Server Error","message":"PreparedStatementCallback; SQL [UPDATE account SET balance = ? WHERE account_id = ?;]; ERROR: null ... (558 bytes)]
